<?xml version="1.0" encoding="UTF-8"?>
<!-- Generated by org.testng.reporters.JUnitReportReporter -->
<testsuite skipped="0" hostname="Nishit-PC" name="com.examples.webdrivers.scope" tests="1" failures="0" timestamp="2021-02-09T18:52:04 IST" time="14.907" errors="0">
  <testcase name="testAssignment" time="14.907" classname="com.examples.webdrivers.scope"/>
</testsuite> <!-- com.examples.webdrivers.scope -->
