<?xml version="1.0" encoding="UTF-8"?>
<!-- Generated by org.testng.reporters.JUnitReportReporter -->
<testsuite skipped="1" hostname="Nishit-PC" name="com.examples.webdrivers.Scrolling" tests="2" failures="0" timestamp="2021-02-25T12:18:15 IST" time="9.668" errors="0">
  <testcase name="WebTableAssignment" time="9.668" classname="com.examples.webdrivers.Scrolling"/>
  <testcase name="testScrolling" classname="com.examples.webdrivers.Scrolling">
    <skipped/>
  </testcase> <!-- testScrolling -->
</testsuite> <!-- com.examples.webdrivers.Scrolling -->
