<?xml version="1.0" encoding="UTF-8"?>
<!-- Generated by org.testng.reporters.JUnitReportReporter -->
<testsuite skipped="0" hostname="Nishit-PC" name="com.examples.webdrivers.childWindows" tests="1" failures="0" timestamp="2021-02-09T13:54:05 IST" time="7.078" errors="0">
  <testcase name="testFramesAssignment" time="7.078" classname="com.examples.webdrivers.childWindows"/>
</testsuite> <!-- com.examples.webdrivers.childWindows -->
