<?xml version="1.0" encoding="UTF-8"?>
<!-- Generated by org.testng.reporters.JUnitReportReporter -->
<testsuite skipped="2" hostname="Nishit-PC" name="com.examples.webdrivers.Dropdowns" tests="3" failures="0" timestamp="2021-02-26T17:50:29 IST" time="10.645" errors="0">
  <testcase name="AutoSuggestDropDownAssignment" time="10.645" classname="com.examples.webdrivers.Dropdowns"/>
  <testcase name="testFlightSearch" classname="com.examples.webdrivers.Dropdowns">
    <skipped/>
  </testcase> <!-- testFlightSearch -->
  <testcase name="testAutosuggestiveDropdowns" classname="com.examples.webdrivers.Dropdowns">
    <skipped/>
  </testcase> <!-- testAutosuggestiveDropdowns -->
</testsuite> <!-- com.examples.webdrivers.Dropdowns -->
