<?xml version="1.0" encoding="UTF-8"?>
<!-- Generated by org.testng.reporters.JUnitReportReporter -->
<testsuite skipped="0" hostname="Nishit-PC" name="com.examples.webdrivers.calendar" tests="1" failures="0" timestamp="2021-02-24T15:41:06 IST" time="12.032" errors="0">
  <testcase name="testDatepicker" time="12.032" classname="com.examples.webdrivers.calendar"/>
</testsuite> <!-- com.examples.webdrivers.calendar -->
