<?xml version="1.0" encoding="UTF-8"?>
<!-- Generated by org.testng.reporters.JUnitReportReporter -->
<testsuite skipped="0" hostname="Nishit-PC" name="com.examples.webdrivers.SearchFlights" tests="1" failures="0" timestamp="2020-12-11T19:10:17 IST" time="32.162" errors="0">
  <testcase name="testSearchFlight" time="32.162" classname="com.examples.webdrivers.SearchFlights"/>
</testsuite> <!-- com.examples.webdrivers.SearchFlights -->
