<?xml version="1.0" encoding="UTF-8"?>
<!-- Generated by org.testng.reporters.JUnitReportReporter -->
<testsuite skipped="0" hostname="Nishit-PC" name="com.examples.webdrivers.Checkboxes" tests="1" failures="0" timestamp="2020-12-14T15:41:04 IST" time="11.744" errors="0">
  <testcase name="checkBoxExercise" time="11.744" classname="com.examples.webdrivers.Checkboxes"/>
</testsuite> <!-- com.examples.webdrivers.Checkboxes -->
