<?xml version="1.0" encoding="UTF-8"?>
<!-- Generated by org.testng.reporters.JUnitReportReporter -->
<testsuite skipped="0" hostname="Nishit-PC" name="com.examples.webdrivers.Synchronization" tests="1" failures="0" timestamp="2020-12-23T17:23:17 IST" time="10.686" errors="0">
  <testcase name="testFluentWait" time="10.686" classname="com.examples.webdrivers.Synchronization"/>
</testsuite> <!-- com.examples.webdrivers.Synchronization -->
