<?xml version="1.0" encoding="UTF-8"?>
<!-- Generated by org.testng.reporters.JUnitReportReporter -->
<testsuite skipped="0" hostname="Nishit-PC" name="com.examples.webdrivers.DatePickers" tests="1" failures="0" timestamp="2020-12-11T18:22:36 IST" time="10.328" errors="0">
  <testcase name="checkElementEnabled" time="10.328" classname="com.examples.webdrivers.DatePickers"/>
</testsuite> <!-- com.examples.webdrivers.DatePickers -->
