<?xml version="1.0" encoding="UTF-8"?>
<!-- Generated by org.testng.reporters.JUnitReportReporter -->
<testsuite skipped="0" hostname="Nishit-PC" name="com.examples.webdrivers.Alerts" tests="1" failures="0" timestamp="2020-12-14T15:42:56 IST" time="13.660" errors="0">
  <testcase name="handleWebAlerts" time="13.660" classname="com.examples.webdrivers.Alerts"/>
</testsuite> <!-- com.examples.webdrivers.Alerts -->
