<?xml version="1.0" encoding="UTF-8"?>
<!-- Generated by org.testng.reporters.JUnitReportReporter -->
<testsuite skipped="0" hostname="Nishit-PC" name="com.examples.webdrivers.vegCart" tests="1" failures="0" timestamp="2020-12-16T12:37:13 IST" time="20.064" errors="0">
  <testcase name="addItemsToCart" time="20.064" classname="com.examples.webdrivers.vegCart"/>
</testsuite> <!-- com.examples.webdrivers.vegCart -->
